21.2.2012 11:59:23	This log contains information about the import operation of the script 'DataModel.edmx.sql' into project 'Database' on computer 'MBPC' by user'Mr.Bobby.
21.2.2012 11:59:23	Started importing file: D:\_mb\School\FEL\Predmety\A7B36PRO\ELearning\src\Data\DataModel.edmx.sql 
21.2.2012 11:59:23	File name D:\_mb\School\FEL\Predmety\A7B36PRO\ELearning\src\Data\DataModel.edmx.sql (size: 23286)
21.2.2012 11:59:23	Parsing import script
21.2.2012 11:59:23	Total number of batches in script: 105
21.2.2012 11:59:23	Total number of statements in script: 120
21.2.2012 11:59:23	The script was successfully imported into the project.
21.2.2012 11:59:23	Analyzing schema objects...
21.2.2012 11:59:23	Scanning project for duplicate elements
21.2.2012 11:59:23	Element 'FK_ScaleQuestion_inherits_Question' was merged into the existing script: 'D:\_MB\SCHOOL\FEL\PREDMETY\A7B36PRO\ELEARNING\SRC\DATABASE\SCHEMA OBJECTS\SCHEMAS\DBO\FK_SCALEQUESTION_INHERITS_QUESTION.FKEY.SQL'.
21.2.2012 11:59:23	Element 'FK_ScaleAnswer_inherits_Answer' was merged into the existing script: 'D:\_MB\SCHOOL\FEL\PREDMETY\A7B36PRO\ELEARNING\SRC\DATABASE\SCHEMA OBJECTS\SCHEMAS\DBO\FK_SCALEANSWER_INHERITS_ANSWER.FKEY.SQL'.
21.2.2012 11:59:23	Element 'FK_ChoiceAnswer_inherits_Answer' was merged into the existing script: 'D:\_MB\SCHOOL\FEL\PREDMETY\A7B36PRO\ELEARNING\SRC\DATABASE\SCHEMA OBJECTS\SCHEMAS\DBO\FK_CHOICEANSWER_INHERITS_ANSWER.FKEY.SQL'.
21.2.2012 11:59:23	Element 'FK_TextAnswer_inherits_Answer' was merged into the existing script: 'D:\_MB\SCHOOL\FEL\PREDMETY\A7B36PRO\ELEARNING\SRC\DATABASE\SCHEMA OBJECTS\SCHEMAS\DBO\FK_TEXTANSWER_INHERITS_ANSWER.FKEY.SQL'.
21.2.2012 11:59:23	Element 'FK_ChoiceQuestion_inherits_Question' was merged into the existing script: 'D:\_MB\SCHOOL\FEL\PREDMETY\A7B36PRO\ELEARNING\SRC\DATABASE\SCHEMA OBJECTS\SCHEMAS\DBO\FK_CHOICEQUESTION_INHERITS_QUESTION.FKEY.SQL'.
21.2.2012 11:59:23	Element 'FK_UserFillingFormInstance' was merged into the existing script: 'D:\_MB\SCHOOL\FEL\PREDMETY\A7B36PRO\ELEARNING\SRC\DATABASE\SCHEMA OBJECTS\SCHEMAS\DBO\FK_USERFILLINGFORMINSTANCE.FKEY.SQL'.
21.2.2012 11:59:23	Element 'FK_ChoiceQuestionChoiceItem' was merged into the existing script: 'D:\_MB\SCHOOL\FEL\PREDMETY\A7B36PRO\ELEARNING\SRC\DATABASE\SCHEMA OBJECTS\SCHEMAS\DBO\FK_CHOICEQUESTIONCHOICEITEM.FKEY.SQL'.
21.2.2012 11:59:23	Element 'FK_QuestionInstanceAnswer' was merged into the existing script: 'D:\_MB\SCHOOL\FEL\PREDMETY\A7B36PRO\ELEARNING\SRC\DATABASE\SCHEMA OBJECTS\SCHEMAS\DBO\FK_QUESTIONINSTANCEANSWER.FKEY.SQL'.
21.2.2012 11:59:23	Element 'FK_FormInstanceFormInstanceEvaluation' was merged into the existing script: 'D:\_MB\SCHOOL\FEL\PREDMETY\A7B36PRO\ELEARNING\SRC\DATABASE\SCHEMA OBJECTS\SCHEMAS\DBO\FK_FORMINSTANCEFORMINSTANCEEVALUATION.FKEY.SQL'.
21.2.2012 11:59:23	Element 'FK_FormInstanceQuestionInstance' was merged into the existing script: 'D:\_MB\SCHOOL\FEL\PREDMETY\A7B36PRO\ELEARNING\SRC\DATABASE\SCHEMA OBJECTS\SCHEMAS\DBO\FK_FORMINSTANCEQUESTIONINSTANCE.FKEY.SQL'.
21.2.2012 11:59:23	Element 'FK_QuestionInstanceQuestionTemplate' was merged into the existing script: 'D:\_MB\SCHOOL\FEL\PREDMETY\A7B36PRO\ELEARNING\SRC\DATABASE\SCHEMA OBJECTS\SCHEMAS\DBO\FK_QUESTIONINSTANCEQUESTIONTEMPLATE.FKEY.SQL'.
21.2.2012 11:59:23	Element 'FK_FormInstanceFormTemplate' was merged into the existing script: 'D:\_MB\SCHOOL\FEL\PREDMETY\A7B36PRO\ELEARNING\SRC\DATABASE\SCHEMA OBJECTS\SCHEMAS\DBO\FK_FORMINSTANCEFORMTEMPLATE.FKEY.SQL'.
21.2.2012 11:59:23	Element 'FK_FormInstanceUser' was merged into the existing script: 'D:\_MB\SCHOOL\FEL\PREDMETY\A7B36PRO\ELEARNING\SRC\DATABASE\SCHEMA OBJECTS\SCHEMAS\DBO\FK_FORMINSTANCEUSER.FKEY.SQL'.
21.2.2012 11:59:23	Element 'FK_QuestionGroupFormTemplate' was merged into the existing script: 'D:\_MB\SCHOOL\FEL\PREDMETY\A7B36PRO\ELEARNING\SRC\DATABASE\SCHEMA OBJECTS\SCHEMAS\DBO\FK_QUESTIONGROUPFORMTEMPLATE.FKEY.SQL'.
21.2.2012 11:59:23	Element 'FK_FormTemplateAuthor' was merged into the existing script: 'D:\_MB\SCHOOL\FEL\PREDMETY\A7B36PRO\ELEARNING\SRC\DATABASE\SCHEMA OBJECTS\SCHEMAS\DBO\FK_FORMTEMPLATEAUTHOR.FKEY.SQL'.
21.2.2012 11:59:23	Element 'FK_FormTemplateFormType' was merged into the existing script: 'D:\_MB\SCHOOL\FEL\PREDMETY\A7B36PRO\ELEARNING\SRC\DATABASE\SCHEMA OBJECTS\SCHEMAS\DBO\FK_FORMTEMPLATEFORMTYPE.FKEY.SQL'.
21.2.2012 11:59:23	Element 'FK_UserUserType' was merged into the existing script: 'D:\_MB\SCHOOL\FEL\PREDMETY\A7B36PRO\ELEARNING\SRC\DATABASE\SCHEMA OBJECTS\SCHEMAS\DBO\FK_USERUSERTYPE.FKEY.SQL'.
21.2.2012 11:59:23	Element 'FK_GroupMembers_User' was merged into the existing script: 'D:\_MB\SCHOOL\FEL\PREDMETY\A7B36PRO\ELEARNING\SRC\DATABASE\SCHEMA OBJECTS\SCHEMAS\DBO\FK_GROUPMEMBERS_USER.FKEY.SQL'.
21.2.2012 11:59:23	Element 'FK_GroupMembers_Group' was merged into the existing script: 'D:\_MB\SCHOOL\FEL\PREDMETY\A7B36PRO\ELEARNING\SRC\DATABASE\SCHEMA OBJECTS\SCHEMAS\DBO\FK_GROUPMEMBERS_GROUP.FKEY.SQL'.
21.2.2012 11:59:23	Element 'FK_Supervisor' was merged into the existing script: 'D:\_MB\SCHOOL\FEL\PREDMETY\A7B36PRO\ELEARNING\SRC\DATABASE\SCHEMA OBJECTS\SCHEMAS\DBO\FK_SUPERVISOR.FKEY.SQL'.
21.2.2012 11:59:23	Element 'FK_QuestionGroupQuestionGroupType' was merged into the existing script: 'D:\_MB\SCHOOL\FEL\PREDMETY\A7B36PRO\ELEARNING\SRC\DATABASE\SCHEMA OBJECTS\SCHEMAS\DBO\FK_QUESTIONGROUPQUESTIONGROUPTYPE.FKEY.SQL'.
21.2.2012 11:59:23	Element 'FK_QuestionGroupQuestion' was merged into the existing script: 'D:\_MB\SCHOOL\FEL\PREDMETY\A7B36PRO\ELEARNING\SRC\DATABASE\SCHEMA OBJECTS\SCHEMAS\DBO\FK_QUESTIONGROUPQUESTION.FKEY.SQL'.
21.2.2012 11:59:23	Element 'IX_FK_UserFillingFormInstance' was merged into the existing script: 'D:\_MB\SCHOOL\FEL\PREDMETY\A7B36PRO\ELEARNING\SRC\DATABASE\SCHEMA OBJECTS\SCHEMAS\DBO\IX_FK_USERFILLINGFORMINSTANCE.INDEX.SQL'.
21.2.2012 11:59:23	Element 'IX_FK_ChoiceQuestionChoiceItem' was merged into the existing script: 'D:\_MB\SCHOOL\FEL\PREDMETY\A7B36PRO\ELEARNING\SRC\DATABASE\SCHEMA OBJECTS\SCHEMAS\DBO\IX_FK_CHOICEQUESTIONCHOICEITEM.INDEX.SQL'.
21.2.2012 11:59:23	Element 'IX_FK_QuestionInstanceAnswer' was merged into the existing script: 'D:\_MB\SCHOOL\FEL\PREDMETY\A7B36PRO\ELEARNING\SRC\DATABASE\SCHEMA OBJECTS\SCHEMAS\DBO\IX_FK_QUESTIONINSTANCEANSWER.INDEX.SQL'.
21.2.2012 11:59:23	Element 'IX_FK_FormInstanceFormInstanceEvaluation' was merged into the existing script: 'D:\_MB\SCHOOL\FEL\PREDMETY\A7B36PRO\ELEARNING\SRC\DATABASE\SCHEMA OBJECTS\SCHEMAS\DBO\IX_FK_FORMINSTANCEFORMINSTANCEEVALUATION.INDEX.SQL'.
21.2.2012 11:59:23	Element 'IX_FK_FormInstanceQuestionInstance' was merged into the existing script: 'D:\_MB\SCHOOL\FEL\PREDMETY\A7B36PRO\ELEARNING\SRC\DATABASE\SCHEMA OBJECTS\SCHEMAS\DBO\IX_FK_FORMINSTANCEQUESTIONINSTANCE.INDEX.SQL'.
21.2.2012 11:59:23	Element 'IX_FK_QuestionInstanceQuestionTemplate' was merged into the existing script: 'D:\_MB\SCHOOL\FEL\PREDMETY\A7B36PRO\ELEARNING\SRC\DATABASE\SCHEMA OBJECTS\SCHEMAS\DBO\IX_FK_QUESTIONINSTANCEQUESTIONTEMPLATE.INDEX.SQL'.
21.2.2012 11:59:23	Element 'IX_FK_FormInstanceFormTemplate' was merged into the existing script: 'D:\_MB\SCHOOL\FEL\PREDMETY\A7B36PRO\ELEARNING\SRC\DATABASE\SCHEMA OBJECTS\SCHEMAS\DBO\IX_FK_FORMINSTANCEFORMTEMPLATE.INDEX.SQL'.
21.2.2012 11:59:23	Element 'IX_FK_FormInstanceUser' was merged into the existing script: 'D:\_MB\SCHOOL\FEL\PREDMETY\A7B36PRO\ELEARNING\SRC\DATABASE\SCHEMA OBJECTS\SCHEMAS\DBO\IX_FK_FORMINSTANCEUSER.INDEX.SQL'.
21.2.2012 11:59:23	Element 'IX_FK_QuestionGroupFormTemplate' was merged into the existing script: 'D:\_MB\SCHOOL\FEL\PREDMETY\A7B36PRO\ELEARNING\SRC\DATABASE\SCHEMA OBJECTS\SCHEMAS\DBO\IX_FK_QUESTIONGROUPFORMTEMPLATE.INDEX.SQL'.
21.2.2012 11:59:23	Element 'IX_FK_FormTemplateAuthor' was merged into the existing script: 'D:\_MB\SCHOOL\FEL\PREDMETY\A7B36PRO\ELEARNING\SRC\DATABASE\SCHEMA OBJECTS\SCHEMAS\DBO\IX_FK_FORMTEMPLATEAUTHOR.INDEX.SQL'.
21.2.2012 11:59:23	Element 'IX_FK_FormTemplateFormType' was merged into the existing script: 'D:\_MB\SCHOOL\FEL\PREDMETY\A7B36PRO\ELEARNING\SRC\DATABASE\SCHEMA OBJECTS\SCHEMAS\DBO\IX_FK_FORMTEMPLATEFORMTYPE.INDEX.SQL'.
21.2.2012 11:59:23	Element 'IX_FK_UserUserType' was merged into the existing script: 'D:\_MB\SCHOOL\FEL\PREDMETY\A7B36PRO\ELEARNING\SRC\DATABASE\SCHEMA OBJECTS\SCHEMAS\DBO\IX_FK_USERUSERTYPE.INDEX.SQL'.
21.2.2012 11:59:23	Element 'IX_FK_GroupMembers_User' was merged into the existing script: 'D:\_MB\SCHOOL\FEL\PREDMETY\A7B36PRO\ELEARNING\SRC\DATABASE\SCHEMA OBJECTS\SCHEMAS\DBO\IX_FK_GROUPMEMBERS_USER.INDEX.SQL'.
21.2.2012 11:59:23	Element 'IX_FK_Supervisor' was merged into the existing script: 'D:\_MB\SCHOOL\FEL\PREDMETY\A7B36PRO\ELEARNING\SRC\DATABASE\SCHEMA OBJECTS\SCHEMAS\DBO\IX_FK_SUPERVISOR.INDEX.SQL'.
21.2.2012 11:59:23	Element 'IX_FK_QuestionGroupQuestionGroupType' was merged into the existing script: 'D:\_MB\SCHOOL\FEL\PREDMETY\A7B36PRO\ELEARNING\SRC\DATABASE\SCHEMA OBJECTS\SCHEMAS\DBO\IX_FK_QUESTIONGROUPQUESTIONGROUPTYPE.INDEX.SQL'.
21.2.2012 11:59:23	Element 'IX_FK_QuestionGroupQuestion' was merged into the existing script: 'D:\_MB\SCHOOL\FEL\PREDMETY\A7B36PRO\ELEARNING\SRC\DATABASE\SCHEMA OBJECTS\SCHEMAS\DBO\IX_FK_QUESTIONGROUPQUESTION.INDEX.SQL'.
21.2.2012 11:59:23	Element 'PK_GroupMembers' was merged into the existing script: 'D:\_MB\SCHOOL\FEL\PREDMETY\A7B36PRO\ELEARNING\SRC\DATABASE\SCHEMA OBJECTS\SCHEMAS\DBO\PK_GROUPMEMBERS.PKEY.SQL'.
21.2.2012 11:59:23	Element 'PK_Question_ScaleQuestion' was merged into the existing script: 'D:\_MB\SCHOOL\FEL\PREDMETY\A7B36PRO\ELEARNING\SRC\DATABASE\SCHEMA OBJECTS\SCHEMAS\DBO\PK_QUESTION_SCALEQUESTION.PKEY.SQL'.
21.2.2012 11:59:23	Element 'PK_Answer_ScaleAnswer' was merged into the existing script: 'D:\_MB\SCHOOL\FEL\PREDMETY\A7B36PRO\ELEARNING\SRC\DATABASE\SCHEMA OBJECTS\SCHEMAS\DBO\PK_ANSWER_SCALEANSWER.PKEY.SQL'.
21.2.2012 11:59:23	Element 'PK_Answer_ChoiceAnswer' was merged into the existing script: 'D:\_MB\SCHOOL\FEL\PREDMETY\A7B36PRO\ELEARNING\SRC\DATABASE\SCHEMA OBJECTS\SCHEMAS\DBO\PK_ANSWER_CHOICEANSWER.PKEY.SQL'.
21.2.2012 11:59:23	Element 'PK_Answer_TextAnswer' was merged into the existing script: 'D:\_MB\SCHOOL\FEL\PREDMETY\A7B36PRO\ELEARNING\SRC\DATABASE\SCHEMA OBJECTS\SCHEMAS\DBO\PK_ANSWER_TEXTANSWER.PKEY.SQL'.
21.2.2012 11:59:23	Element 'PK_Question_ChoiceQuestion' was merged into the existing script: 'D:\_MB\SCHOOL\FEL\PREDMETY\A7B36PRO\ELEARNING\SRC\DATABASE\SCHEMA OBJECTS\SCHEMAS\DBO\PK_QUESTION_CHOICEQUESTION.PKEY.SQL'.
21.2.2012 11:59:23	Element 'PK_ChoiceItem' was merged into the existing script: 'D:\_MB\SCHOOL\FEL\PREDMETY\A7B36PRO\ELEARNING\SRC\DATABASE\SCHEMA OBJECTS\SCHEMAS\DBO\PK_CHOICEITEM.PKEY.SQL'.
21.2.2012 11:59:23	Element 'PK_Answer' was merged into the existing script: 'D:\_MB\SCHOOL\FEL\PREDMETY\A7B36PRO\ELEARNING\SRC\DATABASE\SCHEMA OBJECTS\SCHEMAS\DBO\PK_ANSWER.PKEY.SQL'.
21.2.2012 11:59:23	Element 'PK_FormInstanceEvaluation' was merged into the existing script: 'D:\_MB\SCHOOL\FEL\PREDMETY\A7B36PRO\ELEARNING\SRC\DATABASE\SCHEMA OBJECTS\SCHEMAS\DBO\PK_FORMINSTANCEEVALUATION.PKEY.SQL'.
21.2.2012 11:59:23	Element 'PK_QuestionInstance' was merged into the existing script: 'D:\_MB\SCHOOL\FEL\PREDMETY\A7B36PRO\ELEARNING\SRC\DATABASE\SCHEMA OBJECTS\SCHEMAS\DBO\PK_QUESTIONINSTANCE.PKEY.SQL'.
21.2.2012 11:59:23	Element 'PK_FormInstance' was merged into the existing script: 'D:\_MB\SCHOOL\FEL\PREDMETY\A7B36PRO\ELEARNING\SRC\DATABASE\SCHEMA OBJECTS\SCHEMAS\DBO\PK_FORMINSTANCE.PKEY.SQL'.
21.2.2012 11:59:23	Element 'PK_FormType' was merged into the existing script: 'D:\_MB\SCHOOL\FEL\PREDMETY\A7B36PRO\ELEARNING\SRC\DATABASE\SCHEMA OBJECTS\SCHEMAS\DBO\PK_FORMTYPE.PKEY.SQL'.
21.2.2012 11:59:23	Element 'PK_Form' was merged into the existing script: 'D:\_MB\SCHOOL\FEL\PREDMETY\A7B36PRO\ELEARNING\SRC\DATABASE\SCHEMA OBJECTS\SCHEMAS\DBO\PK_FORM.PKEY.SQL'.
21.2.2012 11:59:23	Element 'PK_UserType' was merged into the existing script: 'D:\_MB\SCHOOL\FEL\PREDMETY\A7B36PRO\ELEARNING\SRC\DATABASE\SCHEMA OBJECTS\SCHEMAS\DBO\PK_USERTYPE.PKEY.SQL'.
21.2.2012 11:59:23	Element 'PK_Group' was merged into the existing script: 'D:\_MB\SCHOOL\FEL\PREDMETY\A7B36PRO\ELEARNING\SRC\DATABASE\SCHEMA OBJECTS\SCHEMAS\DBO\PK_GROUP.PKEY.SQL'.
21.2.2012 11:59:23	Element 'PK_User' was merged into the existing script: 'D:\_MB\SCHOOL\FEL\PREDMETY\A7B36PRO\ELEARNING\SRC\DATABASE\SCHEMA OBJECTS\SCHEMAS\DBO\PK_USER.PKEY.SQL'.
21.2.2012 11:59:23	Element 'PK_QuestionGroupType' was merged into the existing script: 'D:\_MB\SCHOOL\FEL\PREDMETY\A7B36PRO\ELEARNING\SRC\DATABASE\SCHEMA OBJECTS\SCHEMAS\DBO\PK_QUESTIONGROUPTYPE.PKEY.SQL'.
21.2.2012 11:59:23	Element 'PK_QuestionGroup' was merged into the existing script: 'D:\_MB\SCHOOL\FEL\PREDMETY\A7B36PRO\ELEARNING\SRC\DATABASE\SCHEMA OBJECTS\SCHEMAS\DBO\PK_QUESTIONGROUP.PKEY.SQL'.
21.2.2012 11:59:23	Element 'PK_Question' was merged into the existing script: 'D:\_MB\SCHOOL\FEL\PREDMETY\A7B36PRO\ELEARNING\SRC\DATABASE\SCHEMA OBJECTS\SCHEMAS\DBO\PK_QUESTION.PKEY.SQL'.
21.2.2012 11:59:23	Element 'GroupMembers' was merged into the existing script: 'D:\_MB\SCHOOL\FEL\PREDMETY\A7B36PRO\ELEARNING\SRC\DATABASE\SCHEMA OBJECTS\SCHEMAS\DBO\TABLES\GROUPMEMBERS.TABLE.SQL'.
21.2.2012 11:59:23	Element 'Question_ScaleQuestion' was merged into the existing script: 'D:\_MB\SCHOOL\FEL\PREDMETY\A7B36PRO\ELEARNING\SRC\DATABASE\SCHEMA OBJECTS\SCHEMAS\DBO\TABLES\QUESTION_SCALEQUESTION.TABLE.SQL'.
21.2.2012 11:59:23	Element 'Answer_ScaleAnswer' was merged into the existing script: 'D:\_MB\SCHOOL\FEL\PREDMETY\A7B36PRO\ELEARNING\SRC\DATABASE\SCHEMA OBJECTS\SCHEMAS\DBO\TABLES\ANSWER_SCALEANSWER.TABLE.SQL'.
21.2.2012 11:59:23	Element 'Answer_ChoiceAnswer' was merged into the existing script: 'D:\_MB\SCHOOL\FEL\PREDMETY\A7B36PRO\ELEARNING\SRC\DATABASE\SCHEMA OBJECTS\SCHEMAS\DBO\TABLES\ANSWER_CHOICEANSWER.TABLE.SQL'.
21.2.2012 11:59:23	Element 'Answer_TextAnswer' was merged into the existing script: 'D:\_MB\SCHOOL\FEL\PREDMETY\A7B36PRO\ELEARNING\SRC\DATABASE\SCHEMA OBJECTS\SCHEMAS\DBO\TABLES\ANSWER_TEXTANSWER.TABLE.SQL'.
21.2.2012 11:59:23	Element 'Question_ChoiceQuestion' was merged into the existing script: 'D:\_MB\SCHOOL\FEL\PREDMETY\A7B36PRO\ELEARNING\SRC\DATABASE\SCHEMA OBJECTS\SCHEMAS\DBO\TABLES\QUESTION_CHOICEQUESTION.TABLE.SQL'.
21.2.2012 11:59:23	Element 'ChoiceItem' was merged into the existing script: 'D:\_MB\SCHOOL\FEL\PREDMETY\A7B36PRO\ELEARNING\SRC\DATABASE\SCHEMA OBJECTS\SCHEMAS\DBO\TABLES\CHOICEITEM.TABLE.SQL'.
21.2.2012 11:59:23	Element 'Answer' was merged into the existing script: 'D:\_MB\SCHOOL\FEL\PREDMETY\A7B36PRO\ELEARNING\SRC\DATABASE\SCHEMA OBJECTS\SCHEMAS\DBO\TABLES\ANSWER.TABLE.SQL'.
21.2.2012 11:59:23	Element 'FormInstanceEvaluation' was merged into the existing script: 'D:\_MB\SCHOOL\FEL\PREDMETY\A7B36PRO\ELEARNING\SRC\DATABASE\SCHEMA OBJECTS\SCHEMAS\DBO\TABLES\FORMINSTANCEEVALUATION.TABLE.SQL'.
21.2.2012 11:59:23	Element 'QuestionInstance' was merged into the existing script: 'D:\_MB\SCHOOL\FEL\PREDMETY\A7B36PRO\ELEARNING\SRC\DATABASE\SCHEMA OBJECTS\SCHEMAS\DBO\TABLES\QUESTIONINSTANCE.TABLE.SQL'.
21.2.2012 11:59:23	Element 'FormInstance' was merged into the existing script: 'D:\_MB\SCHOOL\FEL\PREDMETY\A7B36PRO\ELEARNING\SRC\DATABASE\SCHEMA OBJECTS\SCHEMAS\DBO\TABLES\FORMINSTANCE.TABLE.SQL'.
21.2.2012 11:59:23	Element 'FormType' was merged into the existing script: 'D:\_MB\SCHOOL\FEL\PREDMETY\A7B36PRO\ELEARNING\SRC\DATABASE\SCHEMA OBJECTS\SCHEMAS\DBO\TABLES\FORMTYPE.TABLE.SQL'.
21.2.2012 11:59:23	Element 'Form' was merged into the existing script: 'D:\_MB\SCHOOL\FEL\PREDMETY\A7B36PRO\ELEARNING\SRC\DATABASE\SCHEMA OBJECTS\SCHEMAS\DBO\TABLES\FORM.TABLE.SQL'.
21.2.2012 11:59:23	Element 'UserType' was merged into the existing script: 'D:\_MB\SCHOOL\FEL\PREDMETY\A7B36PRO\ELEARNING\SRC\DATABASE\SCHEMA OBJECTS\SCHEMAS\DBO\TABLES\USERTYPE.TABLE.SQL'.
21.2.2012 11:59:23	Element 'Group' was merged into the existing script: 'D:\_MB\SCHOOL\FEL\PREDMETY\A7B36PRO\ELEARNING\SRC\DATABASE\SCHEMA OBJECTS\SCHEMAS\DBO\TABLES\GROUP.TABLE.SQL'.
21.2.2012 11:59:23	Element 'User' was merged into the existing script: 'D:\_MB\SCHOOL\FEL\PREDMETY\A7B36PRO\ELEARNING\SRC\DATABASE\SCHEMA OBJECTS\SCHEMAS\DBO\TABLES\USER.TABLE.SQL'.
21.2.2012 11:59:23	Element 'QuestionGroupType' was merged into the existing script: 'D:\_MB\SCHOOL\FEL\PREDMETY\A7B36PRO\ELEARNING\SRC\DATABASE\SCHEMA OBJECTS\SCHEMAS\DBO\TABLES\QUESTIONGROUPTYPE.TABLE.SQL'.
21.2.2012 11:59:23	Element 'QuestionGroup' was merged into the existing script: 'D:\_MB\SCHOOL\FEL\PREDMETY\A7B36PRO\ELEARNING\SRC\DATABASE\SCHEMA OBJECTS\SCHEMAS\DBO\TABLES\QUESTIONGROUP.TABLE.SQL'.
21.2.2012 11:59:23	Element 'Question' was merged into the existing script: 'D:\_MB\SCHOOL\FEL\PREDMETY\A7B36PRO\ELEARNING\SRC\DATABASE\SCHEMA OBJECTS\SCHEMAS\DBO\TABLES\QUESTION.TABLE.SQL'.
21.2.2012 11:59:23	Finished duplicate element processing
21.2.2012 11:59:23	In the script that you provided to the import operation, one or more statements were not fully understood. These statements were moved to the D:\_mb\School\FEL\Predmety\A7B36PRO\ELearning\src\Database\Scripts\ScriptsIgnoredOnImport.sql file. Review the file contents for additional information.
21.2.2012 11:59:23	A summary of the import operation was saved to the log file D:\_mb\School\FEL\Predmety\A7B36PRO\ELearning\src\Database\Import Script Logs\DataModel_edmx_sql_20120221105923.log.
21.2.2012 11:59:23	Click Finish to continue...
