8.3.2012 17:57:06	This log contains information about the import operation of the script 'DataModel.edmx.sql' into project 'Database' on computer 'MBPC' by user'Mr.Bobby.
8.3.2012 17:57:06	Started importing file: D:\_mb\School\FEL\Predmety\A7B36PRO\ELearning\src\Data\DataModel.edmx.sql 
8.3.2012 17:57:06	File name D:\_mb\School\FEL\Predmety\A7B36PRO\ELearning\src\Data\DataModel.edmx.sql (size: 25400)
8.3.2012 17:57:06	Parsing import script
8.3.2012 17:57:06	Total number of batches in script: 115
8.3.2012 17:57:06	Total number of statements in script: 132
8.3.2012 17:57:06	The script was successfully imported into the project.
8.3.2012 17:57:06	Analyzing schema objects...
8.3.2012 17:57:06	Scanning project for duplicate elements
8.3.2012 17:57:06	Element 'FK_ScaleQuestion_inherits_Question' was merged into the existing script: 'D:\_MB\SCHOOL\FEL\PREDMETY\A7B36PRO\ELEARNING\SRC\DATABASE\SCHEMA OBJECTS\SCHEMAS\DBO\FK_SCALEQUESTION_INHERITS_QUESTION.FKEY.SQL'.
8.3.2012 17:57:06	Element 'FK_ScaleAnswer_inherits_Answer' was merged into the existing script: 'D:\_MB\SCHOOL\FEL\PREDMETY\A7B36PRO\ELEARNING\SRC\DATABASE\SCHEMA OBJECTS\SCHEMAS\DBO\FK_SCALEANSWER_INHERITS_ANSWER.FKEY.SQL'.
8.3.2012 17:57:06	Element 'FK_ChoiceAnswer_inherits_Answer' was merged into the existing script: 'D:\_MB\SCHOOL\FEL\PREDMETY\A7B36PRO\ELEARNING\SRC\DATABASE\SCHEMA OBJECTS\SCHEMAS\DBO\FK_CHOICEANSWER_INHERITS_ANSWER.FKEY.SQL'.
8.3.2012 17:57:06	Element 'FK_TextAnswer_inherits_Answer' was merged into the existing script: 'D:\_MB\SCHOOL\FEL\PREDMETY\A7B36PRO\ELEARNING\SRC\DATABASE\SCHEMA OBJECTS\SCHEMAS\DBO\FK_TEXTANSWER_INHERITS_ANSWER.FKEY.SQL'.
8.3.2012 17:57:06	Element 'FK_ChoiceQuestion_inherits_Question' was merged into the existing script: 'D:\_MB\SCHOOL\FEL\PREDMETY\A7B36PRO\ELEARNING\SRC\DATABASE\SCHEMA OBJECTS\SCHEMAS\DBO\FK_CHOICEQUESTION_INHERITS_QUESTION.FKEY.SQL'.
8.3.2012 17:57:06	Element 'FK_FormGroup_Group' was merged into the existing script: 'D:\_MB\SCHOOL\FEL\PREDMETY\A7B36PRO\ELEARNING\SRC\DATABASE\SCHEMA OBJECTS\SCHEMAS\DBO\FK_FORMGROUP_GROUP.FKEY.SQL'.
8.3.2012 17:57:06	Element 'FK_FormGroup_Form' was merged into the existing script: 'D:\_MB\SCHOOL\FEL\PREDMETY\A7B36PRO\ELEARNING\SRC\DATABASE\SCHEMA OBJECTS\SCHEMAS\DBO\FK_FORMGROUP_FORM.FKEY.SQL'.
8.3.2012 17:57:06	Element 'FK_UserFillingFormInstance' was merged into the existing script: 'D:\_MB\SCHOOL\FEL\PREDMETY\A7B36PRO\ELEARNING\SRC\DATABASE\SCHEMA OBJECTS\SCHEMAS\DBO\FK_USERFILLINGFORMINSTANCE.FKEY.SQL'.
8.3.2012 17:57:06	Element 'FK_ChoiceQuestionChoiceItem' was merged into the existing script: 'D:\_MB\SCHOOL\FEL\PREDMETY\A7B36PRO\ELEARNING\SRC\DATABASE\SCHEMA OBJECTS\SCHEMAS\DBO\FK_CHOICEQUESTIONCHOICEITEM.FKEY.SQL'.
8.3.2012 17:57:06	Element 'FK_QuestionInstanceAnswer' was merged into the existing script: 'D:\_MB\SCHOOL\FEL\PREDMETY\A7B36PRO\ELEARNING\SRC\DATABASE\SCHEMA OBJECTS\SCHEMAS\DBO\FK_QUESTIONINSTANCEANSWER.FKEY.SQL'.
8.3.2012 17:57:06	Element 'FK_FormInstanceFormInstanceEvaluation' was merged into the existing script: 'D:\_MB\SCHOOL\FEL\PREDMETY\A7B36PRO\ELEARNING\SRC\DATABASE\SCHEMA OBJECTS\SCHEMAS\DBO\FK_FORMINSTANCEFORMINSTANCEEVALUATION.FKEY.SQL'.
8.3.2012 17:57:06	Element 'FK_FormInstanceQuestionInstance' was merged into the existing script: 'D:\_MB\SCHOOL\FEL\PREDMETY\A7B36PRO\ELEARNING\SRC\DATABASE\SCHEMA OBJECTS\SCHEMAS\DBO\FK_FORMINSTANCEQUESTIONINSTANCE.FKEY.SQL'.
8.3.2012 17:57:06	Element 'FK_QuestionInstanceQuestionTemplate' was merged into the existing script: 'D:\_MB\SCHOOL\FEL\PREDMETY\A7B36PRO\ELEARNING\SRC\DATABASE\SCHEMA OBJECTS\SCHEMAS\DBO\FK_QUESTIONINSTANCEQUESTIONTEMPLATE.FKEY.SQL'.
8.3.2012 17:57:06	Element 'FK_FormInstanceFormTemplate' was merged into the existing script: 'D:\_MB\SCHOOL\FEL\PREDMETY\A7B36PRO\ELEARNING\SRC\DATABASE\SCHEMA OBJECTS\SCHEMAS\DBO\FK_FORMINSTANCEFORMTEMPLATE.FKEY.SQL'.
8.3.2012 17:57:06	Element 'FK_FormInstanceUser' was merged into the existing script: 'D:\_MB\SCHOOL\FEL\PREDMETY\A7B36PRO\ELEARNING\SRC\DATABASE\SCHEMA OBJECTS\SCHEMAS\DBO\FK_FORMINSTANCEUSER.FKEY.SQL'.
8.3.2012 17:57:06	Element 'FK_QuestionGroupFormTemplate' was merged into the existing script: 'D:\_MB\SCHOOL\FEL\PREDMETY\A7B36PRO\ELEARNING\SRC\DATABASE\SCHEMA OBJECTS\SCHEMAS\DBO\FK_QUESTIONGROUPFORMTEMPLATE.FKEY.SQL'.
8.3.2012 17:57:06	Element 'FK_FormTemplateAuthor' was merged into the existing script: 'D:\_MB\SCHOOL\FEL\PREDMETY\A7B36PRO\ELEARNING\SRC\DATABASE\SCHEMA OBJECTS\SCHEMAS\DBO\FK_FORMTEMPLATEAUTHOR.FKEY.SQL'.
8.3.2012 17:57:06	Element 'FK_FormTemplateFormType' was merged into the existing script: 'D:\_MB\SCHOOL\FEL\PREDMETY\A7B36PRO\ELEARNING\SRC\DATABASE\SCHEMA OBJECTS\SCHEMAS\DBO\FK_FORMTEMPLATEFORMTYPE.FKEY.SQL'.
8.3.2012 17:57:06	Element 'FK_UserUserType' was merged into the existing script: 'D:\_MB\SCHOOL\FEL\PREDMETY\A7B36PRO\ELEARNING\SRC\DATABASE\SCHEMA OBJECTS\SCHEMAS\DBO\FK_USERUSERTYPE.FKEY.SQL'.
8.3.2012 17:57:06	Element 'FK_GroupMembers_User' was merged into the existing script: 'D:\_MB\SCHOOL\FEL\PREDMETY\A7B36PRO\ELEARNING\SRC\DATABASE\SCHEMA OBJECTS\SCHEMAS\DBO\FK_GROUPMEMBERS_USER.FKEY.SQL'.
8.3.2012 17:57:06	Element 'FK_GroupMembers_Group' was merged into the existing script: 'D:\_MB\SCHOOL\FEL\PREDMETY\A7B36PRO\ELEARNING\SRC\DATABASE\SCHEMA OBJECTS\SCHEMAS\DBO\FK_GROUPMEMBERS_GROUP.FKEY.SQL'.
8.3.2012 17:57:06	Element 'FK_Supervisor' was merged into the existing script: 'D:\_MB\SCHOOL\FEL\PREDMETY\A7B36PRO\ELEARNING\SRC\DATABASE\SCHEMA OBJECTS\SCHEMAS\DBO\FK_SUPERVISOR.FKEY.SQL'.
8.3.2012 17:57:06	Element 'FK_QuestionGroupQuestionGroupType' was merged into the existing script: 'D:\_MB\SCHOOL\FEL\PREDMETY\A7B36PRO\ELEARNING\SRC\DATABASE\SCHEMA OBJECTS\SCHEMAS\DBO\FK_QUESTIONGROUPQUESTIONGROUPTYPE.FKEY.SQL'.
8.3.2012 17:57:06	Element 'FK_QuestionGroupQuestion' was merged into the existing script: 'D:\_MB\SCHOOL\FEL\PREDMETY\A7B36PRO\ELEARNING\SRC\DATABASE\SCHEMA OBJECTS\SCHEMAS\DBO\FK_QUESTIONGROUPQUESTION.FKEY.SQL'.
8.3.2012 17:57:06	Element 'IX_FK_FormGroup_Group' was merged into the existing script: 'D:\_MB\SCHOOL\FEL\PREDMETY\A7B36PRO\ELEARNING\SRC\DATABASE\SCHEMA OBJECTS\SCHEMAS\DBO\IX_FK_FORMGROUP_GROUP.INDEX.SQL'.
8.3.2012 17:57:06	Element 'IX_FK_UserFillingFormInstance' was merged into the existing script: 'D:\_MB\SCHOOL\FEL\PREDMETY\A7B36PRO\ELEARNING\SRC\DATABASE\SCHEMA OBJECTS\SCHEMAS\DBO\IX_FK_USERFILLINGFORMINSTANCE.INDEX.SQL'.
8.3.2012 17:57:06	Element 'IX_FK_ChoiceQuestionChoiceItem' was merged into the existing script: 'D:\_MB\SCHOOL\FEL\PREDMETY\A7B36PRO\ELEARNING\SRC\DATABASE\SCHEMA OBJECTS\SCHEMAS\DBO\IX_FK_CHOICEQUESTIONCHOICEITEM.INDEX.SQL'.
8.3.2012 17:57:06	Element 'IX_FK_QuestionInstanceAnswer' was merged into the existing script: 'D:\_MB\SCHOOL\FEL\PREDMETY\A7B36PRO\ELEARNING\SRC\DATABASE\SCHEMA OBJECTS\SCHEMAS\DBO\IX_FK_QUESTIONINSTANCEANSWER.INDEX.SQL'.
8.3.2012 17:57:06	Element 'IX_FK_FormInstanceFormInstanceEvaluation' was merged into the existing script: 'D:\_MB\SCHOOL\FEL\PREDMETY\A7B36PRO\ELEARNING\SRC\DATABASE\SCHEMA OBJECTS\SCHEMAS\DBO\IX_FK_FORMINSTANCEFORMINSTANCEEVALUATION.INDEX.SQL'.
8.3.2012 17:57:06	Element 'IX_FK_FormInstanceQuestionInstance' was merged into the existing script: 'D:\_MB\SCHOOL\FEL\PREDMETY\A7B36PRO\ELEARNING\SRC\DATABASE\SCHEMA OBJECTS\SCHEMAS\DBO\IX_FK_FORMINSTANCEQUESTIONINSTANCE.INDEX.SQL'.
8.3.2012 17:57:06	Element 'IX_FK_QuestionInstanceQuestionTemplate' was merged into the existing script: 'D:\_MB\SCHOOL\FEL\PREDMETY\A7B36PRO\ELEARNING\SRC\DATABASE\SCHEMA OBJECTS\SCHEMAS\DBO\IX_FK_QUESTIONINSTANCEQUESTIONTEMPLATE.INDEX.SQL'.
8.3.2012 17:57:06	Element 'IX_FK_FormInstanceFormTemplate' was merged into the existing script: 'D:\_MB\SCHOOL\FEL\PREDMETY\A7B36PRO\ELEARNING\SRC\DATABASE\SCHEMA OBJECTS\SCHEMAS\DBO\IX_FK_FORMINSTANCEFORMTEMPLATE.INDEX.SQL'.
8.3.2012 17:57:06	Element 'IX_FK_FormInstanceUser' was merged into the existing script: 'D:\_MB\SCHOOL\FEL\PREDMETY\A7B36PRO\ELEARNING\SRC\DATABASE\SCHEMA OBJECTS\SCHEMAS\DBO\IX_FK_FORMINSTANCEUSER.INDEX.SQL'.
8.3.2012 17:57:06	Element 'IX_FK_QuestionGroupFormTemplate' was merged into the existing script: 'D:\_MB\SCHOOL\FEL\PREDMETY\A7B36PRO\ELEARNING\SRC\DATABASE\SCHEMA OBJECTS\SCHEMAS\DBO\IX_FK_QUESTIONGROUPFORMTEMPLATE.INDEX.SQL'.
8.3.2012 17:57:06	Element 'IX_FK_FormTemplateAuthor' was merged into the existing script: 'D:\_MB\SCHOOL\FEL\PREDMETY\A7B36PRO\ELEARNING\SRC\DATABASE\SCHEMA OBJECTS\SCHEMAS\DBO\IX_FK_FORMTEMPLATEAUTHOR.INDEX.SQL'.
8.3.2012 17:57:06	Element 'IX_FK_FormTemplateFormType' was merged into the existing script: 'D:\_MB\SCHOOL\FEL\PREDMETY\A7B36PRO\ELEARNING\SRC\DATABASE\SCHEMA OBJECTS\SCHEMAS\DBO\IX_FK_FORMTEMPLATEFORMTYPE.INDEX.SQL'.
8.3.2012 17:57:06	Element 'IX_FK_UserUserType' was merged into the existing script: 'D:\_MB\SCHOOL\FEL\PREDMETY\A7B36PRO\ELEARNING\SRC\DATABASE\SCHEMA OBJECTS\SCHEMAS\DBO\IX_FK_USERUSERTYPE.INDEX.SQL'.
8.3.2012 17:57:06	Element 'IX_FK_GroupMembers_User' was merged into the existing script: 'D:\_MB\SCHOOL\FEL\PREDMETY\A7B36PRO\ELEARNING\SRC\DATABASE\SCHEMA OBJECTS\SCHEMAS\DBO\IX_FK_GROUPMEMBERS_USER.INDEX.SQL'.
8.3.2012 17:57:06	Element 'IX_FK_Supervisor' was merged into the existing script: 'D:\_MB\SCHOOL\FEL\PREDMETY\A7B36PRO\ELEARNING\SRC\DATABASE\SCHEMA OBJECTS\SCHEMAS\DBO\IX_FK_SUPERVISOR.INDEX.SQL'.
8.3.2012 17:57:06	Element 'IX_FK_QuestionGroupQuestionGroupType' was merged into the existing script: 'D:\_MB\SCHOOL\FEL\PREDMETY\A7B36PRO\ELEARNING\SRC\DATABASE\SCHEMA OBJECTS\SCHEMAS\DBO\IX_FK_QUESTIONGROUPQUESTIONGROUPTYPE.INDEX.SQL'.
8.3.2012 17:57:06	Element 'IX_FK_QuestionGroupQuestion' was merged into the existing script: 'D:\_MB\SCHOOL\FEL\PREDMETY\A7B36PRO\ELEARNING\SRC\DATABASE\SCHEMA OBJECTS\SCHEMAS\DBO\IX_FK_QUESTIONGROUPQUESTION.INDEX.SQL'.
8.3.2012 17:57:06	Element 'PK_FormGroup' was merged into the existing script: 'D:\_MB\SCHOOL\FEL\PREDMETY\A7B36PRO\ELEARNING\SRC\DATABASE\SCHEMA OBJECTS\SCHEMAS\DBO\PK_FORMGROUP.PKEY.SQL'.
8.3.2012 17:57:06	Element 'PK_GroupMembers' was merged into the existing script: 'D:\_MB\SCHOOL\FEL\PREDMETY\A7B36PRO\ELEARNING\SRC\DATABASE\SCHEMA OBJECTS\SCHEMAS\DBO\PK_GROUPMEMBERS.PKEY.SQL'.
8.3.2012 17:57:06	Element 'PK_Question_ScaleQuestion' was merged into the existing script: 'D:\_MB\SCHOOL\FEL\PREDMETY\A7B36PRO\ELEARNING\SRC\DATABASE\SCHEMA OBJECTS\SCHEMAS\DBO\PK_QUESTION_SCALEQUESTION.PKEY.SQL'.
8.3.2012 17:57:06	Element 'PK_Answer_ScaleAnswer' was merged into the existing script: 'D:\_MB\SCHOOL\FEL\PREDMETY\A7B36PRO\ELEARNING\SRC\DATABASE\SCHEMA OBJECTS\SCHEMAS\DBO\PK_ANSWER_SCALEANSWER.PKEY.SQL'.
8.3.2012 17:57:06	Element 'PK_Answer_ChoiceAnswer' was merged into the existing script: 'D:\_MB\SCHOOL\FEL\PREDMETY\A7B36PRO\ELEARNING\SRC\DATABASE\SCHEMA OBJECTS\SCHEMAS\DBO\PK_ANSWER_CHOICEANSWER.PKEY.SQL'.
8.3.2012 17:57:06	Element 'PK_Answer_TextAnswer' was merged into the existing script: 'D:\_MB\SCHOOL\FEL\PREDMETY\A7B36PRO\ELEARNING\SRC\DATABASE\SCHEMA OBJECTS\SCHEMAS\DBO\PK_ANSWER_TEXTANSWER.PKEY.SQL'.
8.3.2012 17:57:06	Element 'PK_Question_ChoiceQuestion' was merged into the existing script: 'D:\_MB\SCHOOL\FEL\PREDMETY\A7B36PRO\ELEARNING\SRC\DATABASE\SCHEMA OBJECTS\SCHEMAS\DBO\PK_QUESTION_CHOICEQUESTION.PKEY.SQL'.
8.3.2012 17:57:06	Element 'PK_ChoiceItem' was merged into the existing script: 'D:\_MB\SCHOOL\FEL\PREDMETY\A7B36PRO\ELEARNING\SRC\DATABASE\SCHEMA OBJECTS\SCHEMAS\DBO\PK_CHOICEITEM.PKEY.SQL'.
8.3.2012 17:57:06	Element 'PK_Answer' was merged into the existing script: 'D:\_MB\SCHOOL\FEL\PREDMETY\A7B36PRO\ELEARNING\SRC\DATABASE\SCHEMA OBJECTS\SCHEMAS\DBO\PK_ANSWER.PKEY.SQL'.
8.3.2012 17:57:06	Element 'PK_FormInstanceEvaluation' was merged into the existing script: 'D:\_MB\SCHOOL\FEL\PREDMETY\A7B36PRO\ELEARNING\SRC\DATABASE\SCHEMA OBJECTS\SCHEMAS\DBO\PK_FORMINSTANCEEVALUATION.PKEY.SQL'.
8.3.2012 17:57:06	Element 'PK_QuestionInstance' was merged into the existing script: 'D:\_MB\SCHOOL\FEL\PREDMETY\A7B36PRO\ELEARNING\SRC\DATABASE\SCHEMA OBJECTS\SCHEMAS\DBO\PK_QUESTIONINSTANCE.PKEY.SQL'.
8.3.2012 17:57:06	Element 'PK_FormInstance' was merged into the existing script: 'D:\_MB\SCHOOL\FEL\PREDMETY\A7B36PRO\ELEARNING\SRC\DATABASE\SCHEMA OBJECTS\SCHEMAS\DBO\PK_FORMINSTANCE.PKEY.SQL'.
8.3.2012 17:57:06	Element 'PK_FormType' was merged into the existing script: 'D:\_MB\SCHOOL\FEL\PREDMETY\A7B36PRO\ELEARNING\SRC\DATABASE\SCHEMA OBJECTS\SCHEMAS\DBO\PK_FORMTYPE.PKEY.SQL'.
8.3.2012 17:57:06	Element 'PK_Form' was merged into the existing script: 'D:\_MB\SCHOOL\FEL\PREDMETY\A7B36PRO\ELEARNING\SRC\DATABASE\SCHEMA OBJECTS\SCHEMAS\DBO\PK_FORM.PKEY.SQL'.
8.3.2012 17:57:06	Element 'PK_UserType' was merged into the existing script: 'D:\_MB\SCHOOL\FEL\PREDMETY\A7B36PRO\ELEARNING\SRC\DATABASE\SCHEMA OBJECTS\SCHEMAS\DBO\PK_USERTYPE.PKEY.SQL'.
8.3.2012 17:57:06	Element 'PK_Group' was merged into the existing script: 'D:\_MB\SCHOOL\FEL\PREDMETY\A7B36PRO\ELEARNING\SRC\DATABASE\SCHEMA OBJECTS\SCHEMAS\DBO\PK_GROUP.PKEY.SQL'.
8.3.2012 17:57:06	Element 'PK_User' was merged into the existing script: 'D:\_MB\SCHOOL\FEL\PREDMETY\A7B36PRO\ELEARNING\SRC\DATABASE\SCHEMA OBJECTS\SCHEMAS\DBO\PK_USER.PKEY.SQL'.
8.3.2012 17:57:06	Element 'PK_QuestionGroupType' was merged into the existing script: 'D:\_MB\SCHOOL\FEL\PREDMETY\A7B36PRO\ELEARNING\SRC\DATABASE\SCHEMA OBJECTS\SCHEMAS\DBO\PK_QUESTIONGROUPTYPE.PKEY.SQL'.
8.3.2012 17:57:06	Element 'PK_QuestionGroup' was merged into the existing script: 'D:\_MB\SCHOOL\FEL\PREDMETY\A7B36PRO\ELEARNING\SRC\DATABASE\SCHEMA OBJECTS\SCHEMAS\DBO\PK_QUESTIONGROUP.PKEY.SQL'.
8.3.2012 17:57:06	Element 'PK_Question' was merged into the existing script: 'D:\_MB\SCHOOL\FEL\PREDMETY\A7B36PRO\ELEARNING\SRC\DATABASE\SCHEMA OBJECTS\SCHEMAS\DBO\PK_QUESTION.PKEY.SQL'.
8.3.2012 17:57:06	Element 'FormGroup' was merged into the existing script: 'D:\_MB\SCHOOL\FEL\PREDMETY\A7B36PRO\ELEARNING\SRC\DATABASE\SCHEMA OBJECTS\SCHEMAS\DBO\TABLES\FORMGROUP.TABLE.SQL'.
8.3.2012 17:57:06	Element 'GroupMembers' was merged into the existing script: 'D:\_MB\SCHOOL\FEL\PREDMETY\A7B36PRO\ELEARNING\SRC\DATABASE\SCHEMA OBJECTS\SCHEMAS\DBO\TABLES\GROUPMEMBERS.TABLE.SQL'.
8.3.2012 17:57:06	Element 'Question_ScaleQuestion' was merged into the existing script: 'D:\_MB\SCHOOL\FEL\PREDMETY\A7B36PRO\ELEARNING\SRC\DATABASE\SCHEMA OBJECTS\SCHEMAS\DBO\TABLES\QUESTION_SCALEQUESTION.TABLE.SQL'.
8.3.2012 17:57:06	Element 'Answer_ScaleAnswer' was merged into the existing script: 'D:\_MB\SCHOOL\FEL\PREDMETY\A7B36PRO\ELEARNING\SRC\DATABASE\SCHEMA OBJECTS\SCHEMAS\DBO\TABLES\ANSWER_SCALEANSWER.TABLE.SQL'.
8.3.2012 17:57:06	Element 'Answer_ChoiceAnswer' was merged into the existing script: 'D:\_MB\SCHOOL\FEL\PREDMETY\A7B36PRO\ELEARNING\SRC\DATABASE\SCHEMA OBJECTS\SCHEMAS\DBO\TABLES\ANSWER_CHOICEANSWER.TABLE.SQL'.
8.3.2012 17:57:06	Element 'Answer_TextAnswer' was merged into the existing script: 'D:\_MB\SCHOOL\FEL\PREDMETY\A7B36PRO\ELEARNING\SRC\DATABASE\SCHEMA OBJECTS\SCHEMAS\DBO\TABLES\ANSWER_TEXTANSWER.TABLE.SQL'.
8.3.2012 17:57:06	Element 'Question_ChoiceQuestion' was merged into the existing script: 'D:\_MB\SCHOOL\FEL\PREDMETY\A7B36PRO\ELEARNING\SRC\DATABASE\SCHEMA OBJECTS\SCHEMAS\DBO\TABLES\QUESTION_CHOICEQUESTION.TABLE.SQL'.
8.3.2012 17:57:06	Element 'ChoiceItem' was merged into the existing script: 'D:\_MB\SCHOOL\FEL\PREDMETY\A7B36PRO\ELEARNING\SRC\DATABASE\SCHEMA OBJECTS\SCHEMAS\DBO\TABLES\CHOICEITEM.TABLE.SQL'.
8.3.2012 17:57:07	Element 'Answer' was merged into the existing script: 'D:\_MB\SCHOOL\FEL\PREDMETY\A7B36PRO\ELEARNING\SRC\DATABASE\SCHEMA OBJECTS\SCHEMAS\DBO\TABLES\ANSWER.TABLE.SQL'.
8.3.2012 17:57:07	Element 'FormInstanceEvaluation' was merged into the existing script: 'D:\_MB\SCHOOL\FEL\PREDMETY\A7B36PRO\ELEARNING\SRC\DATABASE\SCHEMA OBJECTS\SCHEMAS\DBO\TABLES\FORMINSTANCEEVALUATION.TABLE.SQL'.
8.3.2012 17:57:07	Element 'QuestionInstance' was merged into the existing script: 'D:\_MB\SCHOOL\FEL\PREDMETY\A7B36PRO\ELEARNING\SRC\DATABASE\SCHEMA OBJECTS\SCHEMAS\DBO\TABLES\QUESTIONINSTANCE.TABLE.SQL'.
8.3.2012 17:57:07	Element 'FormInstance' was merged into the existing script: 'D:\_MB\SCHOOL\FEL\PREDMETY\A7B36PRO\ELEARNING\SRC\DATABASE\SCHEMA OBJECTS\SCHEMAS\DBO\TABLES\FORMINSTANCE.TABLE.SQL'.
8.3.2012 17:57:07	Element 'FormType' was merged into the existing script: 'D:\_MB\SCHOOL\FEL\PREDMETY\A7B36PRO\ELEARNING\SRC\DATABASE\SCHEMA OBJECTS\SCHEMAS\DBO\TABLES\FORMTYPE.TABLE.SQL'.
8.3.2012 17:57:07	Element 'Form' was merged into the existing script: 'D:\_MB\SCHOOL\FEL\PREDMETY\A7B36PRO\ELEARNING\SRC\DATABASE\SCHEMA OBJECTS\SCHEMAS\DBO\TABLES\FORM.TABLE.SQL'.
8.3.2012 17:57:07	Element 'UserType' was merged into the existing script: 'D:\_MB\SCHOOL\FEL\PREDMETY\A7B36PRO\ELEARNING\SRC\DATABASE\SCHEMA OBJECTS\SCHEMAS\DBO\TABLES\USERTYPE.TABLE.SQL'.
8.3.2012 17:57:07	Element 'Group' was merged into the existing script: 'D:\_MB\SCHOOL\FEL\PREDMETY\A7B36PRO\ELEARNING\SRC\DATABASE\SCHEMA OBJECTS\SCHEMAS\DBO\TABLES\GROUP.TABLE.SQL'.
8.3.2012 17:57:07	Element 'User' was merged into the existing script: 'D:\_MB\SCHOOL\FEL\PREDMETY\A7B36PRO\ELEARNING\SRC\DATABASE\SCHEMA OBJECTS\SCHEMAS\DBO\TABLES\USER.TABLE.SQL'.
8.3.2012 17:57:07	Element 'QuestionGroupType' was merged into the existing script: 'D:\_MB\SCHOOL\FEL\PREDMETY\A7B36PRO\ELEARNING\SRC\DATABASE\SCHEMA OBJECTS\SCHEMAS\DBO\TABLES\QUESTIONGROUPTYPE.TABLE.SQL'.
8.3.2012 17:57:07	Element 'QuestionGroup' was merged into the existing script: 'D:\_MB\SCHOOL\FEL\PREDMETY\A7B36PRO\ELEARNING\SRC\DATABASE\SCHEMA OBJECTS\SCHEMAS\DBO\TABLES\QUESTIONGROUP.TABLE.SQL'.
8.3.2012 17:57:07	Element 'Question' was merged into the existing script: 'D:\_MB\SCHOOL\FEL\PREDMETY\A7B36PRO\ELEARNING\SRC\DATABASE\SCHEMA OBJECTS\SCHEMAS\DBO\TABLES\QUESTION.TABLE.SQL'.
8.3.2012 17:57:07	Finished duplicate element processing
8.3.2012 17:57:07	In the script that you provided to the import operation, one or more statements were not fully understood. These statements were moved to the D:\_mb\School\FEL\Predmety\A7B36PRO\ELearning\src\Database\Scripts\ScriptsIgnoredOnImport.sql file. Review the file contents for additional information.
8.3.2012 17:57:07	A summary of the import operation was saved to the log file D:\_mb\School\FEL\Predmety\A7B36PRO\ELearning\src\Database\Import Script Logs\DataModel_edmx_sql_20120308045706.log.
8.3.2012 17:57:07	Click Finish to continue...
