\BOOKMARK [0][-]{chapter.1}{\376\377\000\332\000v\000o\000d}{}% 1
\BOOKMARK [1][-]{section.1.1}{\376\377\000C\000\355\000l\000\040\000p\000r\000o\000j\000e\000k\000t\000u}{chapter.1}% 2
\BOOKMARK [1][-]{section.1.2}{\376\377\000V\000y\000u\001\176\000i\000t\000\355}{chapter.1}% 3
\BOOKMARK [1][-]{section.1.3}{\376\377\000O\000b\000s\000a\000h\000\040\000p\000r\000\341\000c\000e}{chapter.1}% 4
\BOOKMARK [0][-]{chapter.2}{\376\377\000A\000n\000a\000l\000\375\000z\000a}{}% 5
\BOOKMARK [1][-]{section.2.1}{\376\377\000P\000o\000p\000i\000s\000\040\000p\000r\000o\000b\000l\000\351\000m\000u}{chapter.2}% 6
\BOOKMARK [1][-]{section.2.2}{\376\377\000P\000o\001\176\000a\000d\000a\000v\000k\000y\000\040\000n\000a\000\040\000s\000y\000s\000t\000\351\000m}{chapter.2}% 7
\BOOKMARK [2][-]{subsection.2.2.1}{\376\377\000P\000o\001\176\000a\000d\000a\000v\000k\000y\000\040\000z\000a\000d\000a\000v\000a\000t\000e\000l\000e}{section.2.2}% 8
\BOOKMARK [3][-]{subsubsection.2.2.1.1}{\376\377\000F\000u\000n\000k\001\015\000n\000\355\000\040\000p\000o\001\176\000a\000d\000a\000v\000k\000y}{subsection.2.2.1}% 9
\BOOKMARK [3][-]{subsubsection.2.2.1.2}{\376\377\000N\000e\000f\000u\000n\000k\001\015\000n\000\355\000\040\000p\000o\001\176\000a\000d\000a\000v\000k\000y}{subsection.2.2.1}% 10
\BOOKMARK [2][-]{subsection.2.2.2}{\376\377\000R\000o\000z\001\141\000i\001\131\000u\000j\000\355\000c\000\355\000\040\000p\000o\001\176\000a\000d\000a\000v\000k\000y}{section.2.2}% 11
\BOOKMARK [3][-]{subsubsection.2.2.2.1}{\376\377\000F\000u\000n\000k\001\015\000n\000\355\000\040\000p\000o\001\176\000a\000d\000a\000v\000k\000y}{subsection.2.2.2}% 12
\BOOKMARK [3][-]{subsubsection.2.2.2.2}{\376\377\000N\000e\000f\000u\000n\000k\001\015\000n\000\355\000\040\000p\000o\001\176\000a\000d\000a\000v\000k\000y}{subsection.2.2.2}% 13
\BOOKMARK [1][-]{section.2.3}{\376\377\000R\000e\001\141\000e\000r\001\141\000e\000\040\000e\000x\000i\000s\000t\000u\000j\000\355\000c\000\355\000c\000h\000\040\001\131\000e\001\141\000e\000n\000\355}{chapter.2}% 14
\BOOKMARK [2][-]{subsection.2.3.1}{\376\377\000G\000o\000o\000g\000l\000e\000\040\000F\000o\000r\000m\000u\000l\000\341\001\131\000e}{section.2.3}% 15
\BOOKMARK [3][-]{subsubsection.2.3.1.1}{\376\377\000T\000v\000o\000r\000b\000a\000\040\000f\000o\000r\000m\000u\000l\000\341\001\131\000e}{subsection.2.3.1}% 16
\BOOKMARK [3][-]{subsubsection.2.3.1.2}{\376\377\000T\000y\000p\000y\000\040\000o\000t\000\341\000z\000e\000k}{subsection.2.3.1}% 17
\BOOKMARK [3][-]{subsubsection.2.3.1.3}{\376\377\000U\001\176\000i\000v\000a\000t\000e\000l\000s\000k\000\351\000\040\000r\000o\000z\000h\000r\000a\000n\000\355}{subsection.2.3.1}% 18
\BOOKMARK [2][-]{subsection.2.3.2}{\376\377\000M\000o\000o\000d\000l\000e}{section.2.3}% 19
\BOOKMARK [3][-]{subsubsection.2.3.2.1}{\376\377\000O\000t\000\341\000z\000k\000y\000\040\000d\000o\000\040\000t\000e\000s\000t\001\157}{subsection.2.3.2}% 20
\BOOKMARK [2][-]{subsection.2.3.3}{\376\377\000S\000t\000u\000d\000e\000n\000t\000o\000v\000a\000\040\000b\000e\000r\000l\000i\001\015\000k\000a}{section.2.3}% 21
\BOOKMARK [2][-]{subsection.2.3.4}{\376\377\000Z\000\341\000v\001\033\000r}{section.2.3}% 22
\BOOKMARK [1][-]{section.2.4}{\376\377\000U\001\176\000i\000v\000a\000t\000e\000l\000s\000k\000\351\000\040\000r\000o\000l\000e}{chapter.2}% 23
\BOOKMARK [1][-]{section.2.5}{\376\377\000P\001\131\000\355\000p\000a\000d\000y\000\040\000u\001\176\000i\000t\000\355}{chapter.2}% 24
\BOOKMARK [1][-]{section.2.6}{\376\377\000F\000o\000r\000m\000u\000l\000\341\001\131\000e}{chapter.2}% 25
\BOOKMARK [2][-]{subsection.2.6.1}{\376\377\000T\000y\000p\000y\000\040\000f\000o\000r\000m\000u\000l\000\341\001\131\001\157}{section.2.6}% 26
\BOOKMARK [2][-]{subsection.2.6.2}{\376\377\000M\000o\001\176\000n\000o\000s\000t\000i\000\040\000n\000a\000s\000t\000a\000v\000e\000n\000\355\000\040\000f\000o\000r\000m\000u\000l\000\341\001\131\001\157}{section.2.6}% 27
\BOOKMARK [1][-]{section.2.7}{\376\377\000O\000t\000\341\000z\000k\000y}{chapter.2}% 28
\BOOKMARK [2][-]{subsection.2.7.1}{\376\377\000T\000y\000p\000y\000\040\000o\000t\000\341\000z\000e\000k}{section.2.7}% 29
\BOOKMARK [1][-]{section.2.8}{\376\377\000S\000k\000r\000i\000p\000t\000a}{chapter.2}% 30
\BOOKMARK [0][-]{chapter.3}{\376\377\000N\000\341\000v\000r\000h}{}% 31
\BOOKMARK [1][-]{section.3.1}{\376\377\000A\000r\000c\000h\000i\000t\000e\000k\000t\000u\000r\000a\000\040\000s\000y\000s\000t\000\351\000m\000u}{chapter.3}% 32
\BOOKMARK [1][-]{section.3.2}{\376\377\000D\000a\000t\000o\000v\000\341\000\040\000v\000r\000s\000t\000v\000a}{chapter.3}% 33
\BOOKMARK [1][-]{section.3.3}{\376\377\000B\000u\000s\000i\000n\000e\000s\000s\000\040\000v\000r\000s\000t\000v\000a}{chapter.3}% 34
\BOOKMARK [1][-]{section.3.4}{\376\377\000P\000r\000e\000z\000e\000n\000t\000a\001\015\000n\000\355\000\040\000v\000r\000s\000t\000v\000a}{chapter.3}% 35
\BOOKMARK [1][-]{section.3.5}{\376\377\000T\000e\000c\000h\000n\000o\000l\000o\000g\000i\000e\000\040\000a\000\040\000f\000r\000a\000m\000e\000w\000o\000r\000k\000y}{chapter.3}% 36
\BOOKMARK [2][-]{subsection.3.5.1}{\376\377\000C\000\043\000A\000S\000P\000.\000N\000E\000T\000\040\000M\000V\000C\000\040\0004\000.\0000}{section.3.5}% 37
\BOOKMARK [2][-]{subsection.3.5.2}{\376\377\000E\000n\000t\000i\000t\000y\000\040\000F\000r\000a\000m\000e\000w\000o\000r\000k}{section.3.5}% 38
\BOOKMARK [2][-]{subsection.3.5.3}{\376\377\000J\000a\000v\000a\000s\000c\000r\000i\000p\000t\000,\000\040\000J\000Q\000u\000e\000r\000y}{section.3.5}% 39
\BOOKMARK [2][-]{subsection.3.5.4}{\376\377\000W\000i\000k\000i\000\040\000m\000o\000d\000u\000l}{section.3.5}% 40
\BOOKMARK [0][-]{chapter.4}{\376\377\000I\000m\000p\000l\000e\000m\000e\000n\000t\000a\000c\000e}{}% 41
\BOOKMARK [1][-]{section.4.1}{\376\377\000D\000a\000t\000o\000v\000\341\000\040\000v\000r\000s\000t\000v\000a}{chapter.4}% 42
\BOOKMARK [1][-]{section.4.2}{\376\377\000P\000r\000\341\000v\000a\000\040\000u\001\176\000i\000v\000a\000t\000e\000l\001\157}{chapter.4}% 43
\BOOKMARK [1][-]{section.4.3}{\376\377\000B\000e\000z\000p\000e\001\015\000n\000o\000s\000t}{chapter.4}% 44
\BOOKMARK [2][-]{subsection.4.3.1}{\376\377\000B\000e\000z\000p\000e\001\015\000n\000o\000s\000t\000\040\000p\001\131\000e\000n\000\341\001\141\000e\000n\000\375\000c\000h\000\040\000d\000a\000t}{section.4.3}% 45
\BOOKMARK [2][-]{subsection.4.3.2}{\376\377\000B\000e\000z\000p\000e\001\015\000n\000o\000s\000t\000\040\000p\001\131\000i\000\040\000p\000r\000\341\000c\000i\000\040\000v\000\040\000a\000p\000l\000i\000k\000a\000c\000i}{section.4.3}% 46
\BOOKMARK [0][-]{chapter.5}{\376\377\000T\000e\000s\000t\000o\000v\000\341\000n\000\355}{}% 47
\BOOKMARK [1][-]{section.5.1}{\376\377\000U\000n\000i\000t\000\040\000t\000e\000s\000t\000y}{chapter.5}% 48
\BOOKMARK [1][-]{section.5.2}{\376\377\000S\000e\000l\000e\000n\000i\000u\000m\000\040\000t\000e\000s\000t\000y}{chapter.5}% 49
\BOOKMARK [1][-]{section.5.3}{\376\377\000V\000\375\000k\000o\000n\000o\000v\000\351\000\040\000t\000e\000s\000t\000y}{chapter.5}% 50
\BOOKMARK [2][-]{subsection.5.3.1}{\376\377\000D\000a\000t\000a\000b\000\341\000z\000e}{section.5.3}% 51
\BOOKMARK [1][-]{section.5.4}{\376\377\000P\000i\000l\000o\000t\000n\000\355\000\040\000p\000r\000o\000v\000o\000z}{chapter.5}% 52
\BOOKMARK [0][-]{chapter.6}{\376\377\000N\000a\000s\000a\000z\000e\000n\000\355}{}% 53
\BOOKMARK [0][-]{chapter.7}{\376\377\000Z\000\341\000v\001\033\000r}{}% 54
\BOOKMARK [1][-]{section.7.1}{\376\377\000D\000a\000l\001\141\000\355\000\040\000v\000\375\000v\000o\000j}{chapter.7}% 55
\BOOKMARK [1][-]{section.7.2}{\376\377\000M\000o\001\176\000n\000\341\000\040\000r\000o\000z\001\141\000\355\001\131\000e\000n\000\355}{chapter.7}% 56
\BOOKMARK [2][-]{subsection.7.2.1}{\376\377\000O\000t\000\341\000z\000k\000y}{section.7.2}% 57
\BOOKMARK [2][-]{subsection.7.2.2}{\376\377\000E\000-\000m\000a\000i\000l\000o\000v\000\351\000\040\000n\000o\000t\000i\000f\000i\000k\000a\000c\000e}{section.7.2}% 58
\BOOKMARK [1][-]{section.7.3}{\376\377\000P\000o\000r\000o\000v\000n\000\341\000n\000\355\000\040\000A\000S\000P\000.\000N\000E\000T\000\040\000M\000V\000C\000\040\000a\000\040\000A\000S\000P\000.\000N\000E\000T\000\040\000W\000e\000b\000\040\000F\000o\000r\000m\000s}{chapter.7}% 59
\BOOKMARK [0][-]{appendix.A}{\376\377\000S\000e\000z\000n\000a\000m\000\040\000p\000o\000u\001\176\000i\000t\000\375\000c\000h\000\040\000z\000k\000r\000a\000t\000e\000k}{}% 60
\BOOKMARK [0][-]{appendix.B}{\376\377\000U\000M\000L}{}% 61
\BOOKMARK [1][-]{section.B.1}{\376\377\000S\000l\000o\000v\000n\000\355\000\040\000p\000o\000p\000i\000s\000\040\000p\001\131\000\355\000p\000a\000d\001\157\000\040\000u\001\176\000i\000t\000\355}{appendix.B}% 62
\BOOKMARK [0][-]{appendix.C}{\376\377\000I\000n\000s\000t\000a\000l\000a\001\015\000n\000\355\000\040\000p\001\131\000\355\000r\000u\001\015\000k\000a}{}% 63
\BOOKMARK [0][-]{appendix.D}{\376\377\000U\001\176\000i\000v\000a\000t\000e\000l\000s\000k\000\341\000\040\000p\001\131\000\355\000r\000u\001\015\000k\000a}{}% 64
\BOOKMARK [0][-]{appendix.E}{\376\377\000U\000n\000i\000t\000y\000\040\000A\000p\000p\000l\000i\000c\000a\000t\000i\000o\000n\000\040\000B\000l\000o\000c\000k\000\040\000t\000u\000t\000o\000r\000i\000\341\000l}{}% 65
\BOOKMARK [0][-]{appendix.F}{\376\377\000O\000b\000r\000a\000z\000o\000v\000\341\000\040\000p\001\131\000\355\000l\000o\000h\000a}{}% 66
\BOOKMARK [0][-]{appendix.G}{\376\377\000O\000b\000s\000a\000h\000\040\000p\001\131\000i\000l\000o\001\176\000e\000n\000\351\000h\000o\000\040\000C\000D}{}% 67
